
7월 27, 2023 09:36:59.351 NEW SESSION
7월 27, 2023 09:36:59.351 [20436:8576:0727/093659.350:ERROR:feature_processor_state.cc(39)] Processing error occured: model WebAppInstallationPromo failed with UkmEngineDisabled, message: 
7월 27, 2023 10:39:39.513 [20436:8576:0727/103939.513:ERROR:interface_endpoint_client.cc(702)] Message 1 rejected by interface blink.mojom.WidgetHost
7월 27, 2023 10:40:22.220 [20436:8576:0727/104022.220:ERROR:interface_endpoint_client.cc(702)] Message 0 rejected by interface blink.mojom.WidgetHost
7월 27, 2023 10:44:41.567 [20436:8576:0727/104441.567:ERROR:interface_endpoint_client.cc(702)] Message 0 rejected by interface blink.mojom.WidgetHost
7월 27, 2023 11:27:29.583 [20436:8576:0727/112729.583:ERROR:CONSOLE(1)] "Cannot find context with specified id", source: devtools://devtools/bundled/devtools-frontend/front_end/core/sdk/sdk.js (1)
7월 27, 2023 11:27:29.583 [20436:8576:0727/112729.583:ERROR:CONSOLE(1)] "Extension server error: Inspector protocol error: Cannot find context with specified id", source: devtools://devtools/bundled/devtools-frontend/front_end/models/extensions/extensions.js (1)
7월 27, 2023 11:36:13.489 [20436:8576:0727/113613.489:ERROR:CONSOLE(1)] "Request Runtime.evaluate failed. {"code":-32602,"message":"uniqueContextId not found"}", source: devtools://devtools/bundled/devtools-frontend/front_end/core/protocol_client/protocol_client.js (1)
7월 27, 2023 11:36:13.490 [20436:8576:0727/113613.489:ERROR:CONSOLE(1)] "uniqueContextId not found", source: devtools://devtools/bundled/devtools-frontend/front_end/core/sdk/sdk.js (1)
7월 27, 2023 11:36:13.490 [20436:8576:0727/113613.489:ERROR:CONSOLE(1)] "Extension server error: Inspector protocol error: uniqueContextId not found", source: devtools://devtools/bundled/devtools-frontend/front_end/models/extensions/extensions.js (1)
7월 27, 2023 11:37:46.507 [20436:8576:0727/113746.506:ERROR:CONSOLE(1)] "Request Runtime.evaluate failed. {"code":-32602,"message":"uniqueContextId not found"}", source: devtools://devtools/bundled/devtools-frontend/front_end/core/protocol_client/protocol_client.js (1)
7월 27, 2023 11:37:46.507 [20436:8576:0727/113746.506:ERROR:CONSOLE(1)] "uniqueContextId not found", source: devtools://devtools/bundled/devtools-frontend/front_end/core/sdk/sdk.js (1)
7월 27, 2023 11:37:46.507 [20436:8576:0727/113746.507:ERROR:CONSOLE(1)] "Extension server error: Inspector protocol error: uniqueContextId not found", source: devtools://devtools/bundled/devtools-frontend/front_end/models/extensions/extensions.js (1)
7월 27, 2023 11:38:09.543 [20436:8576:0727/113809.542:ERROR:CONSOLE(1)] "Request Runtime.evaluate failed. {"code":-32602,"message":"uniqueContextId not found"}", source: devtools://devtools/bundled/devtools-frontend/front_end/core/protocol_client/protocol_client.js (1)
7월 27, 2023 11:38:09.544 [20436:8576:0727/113809.544:ERROR:CONSOLE(1)] "uniqueContextId not found", source: devtools://devtools/bundled/devtools-frontend/front_end/core/sdk/sdk.js (1)
7월 27, 2023 11:38:09.544 [20436:8576:0727/113809.544:ERROR:CONSOLE(1)] "Extension server error: Inspector protocol error: uniqueContextId not found", source: devtools://devtools/bundled/devtools-frontend/front_end/models/extensions/extensions.js (1)
7월 27, 2023 11:38:10.556 [20436:8576:0727/113810.556:ERROR:CONSOLE(1)] "Request Runtime.evaluate failed. {"code":-32602,"message":"uniqueContextId not found"}", source: devtools://devtools/bundled/devtools-frontend/front_end/core/protocol_client/protocol_client.js (1)
7월 27, 2023 11:38:10.556 [20436:8576:0727/113810.556:ERROR:CONSOLE(1)] "uniqueContextId not found", source: devtools://devtools/bundled/devtools-frontend/front_end/core/sdk/sdk.js (1)
7월 27, 2023 11:38:10.557 [20436:8576:0727/113810.556:ERROR:CONSOLE(1)] "Extension server error: Inspector protocol error: uniqueContextId not found", source: devtools://devtools/bundled/devtools-frontend/front_end/models/extensions/extensions.js (1)

7월 31, 2023 09:49:13.973 NEW SESSION
7월 31, 2023 09:49:13.973 [12608:304:0731/094913.971:ERROR:feature_processor_state.cc(39)] Processing error occured: model WebAppInstallationPromo failed with UkmEngineDisabled, message: 
7월 31, 2023 11:11:27.19 [12608:304:0731/111127.019:ERROR:interface_endpoint_client.cc(702)] Message 1 rejected by interface blink.mojom.WidgetHost
7월 31, 2023 11:11:40.458 [12608:304:0731/111140.458:ERROR:interface_endpoint_client.cc(702)] Message 0 rejected by interface blink.mojom.WidgetHost
7월 31, 2023 11:12:14.216 [12608:304:0731/111214.216:ERROR:interface_endpoint_client.cc(702)] Message 0 rejected by interface blink.mojom.WidgetHost
7월 31, 2023 11:12:26.564 [12608:304:0731/111226.564:ERROR:interface_endpoint_client.cc(702)] Message 0 rejected by interface blink.mojom.WidgetHost
7월 31, 2023 11:12:48.590 [12608:304:0731/111248.590:ERROR:interface_endpoint_client.cc(702)] Message 0 rejected by interface blink.mojom.WidgetHost

8월 02, 2023 09:29:06.877 NEW SESSION
8월 02, 2023 09:29:06.877 [3092:17332:0802/092906.876:ERROR:feature_processor_state.cc(39)] Processing error occured: model WebAppInstallationPromo failed with UkmEngineDisabled, message: 
8월 02, 2023 10:40:03.638 [3092:17332:0802/104003.638:ERROR:interface_endpoint_client.cc(702)] Message 1 rejected by interface blink.mojom.WidgetHost
8월 02, 2023 11:54:45.07 [3092:17332:0802/115445.007:ERROR:interface_endpoint_client.cc(702)] Message 1 rejected by interface blink.mojom.WidgetHost

8월 03, 2023 09:27:42.708 NEW SESSION
8월 03, 2023 09:27:42.708 [21816:22304:0803/092742.707:ERROR:feature_processor_state.cc(39)] Processing error occured: model WebAppInstallationPromo failed with UkmEngineDisabled, message: 
8월 03, 2023 11:02:08.609 [21816:22304:0803/110208.609:ERROR:interface_endpoint_client.cc(702)] Message 1 rejected by interface blink.mojom.WidgetHost
8월 03, 2023 11:55:32.846 [21816:22304:0803/115532.846:ERROR:CONSOLE(1)] "Cannot find context with specified id", source: devtools://devtools/bundled/devtools-frontend/front_end/core/sdk/sdk.js (1)
8월 03, 2023 11:55:32.847 [21816:22304:0803/115532.846:ERROR:CONSOLE(1)] "Extension server error: Inspector protocol error: Cannot find context with specified id", source: devtools://devtools/bundled/devtools-frontend/front_end/models/extensions/extensions.js (1)
8월 03, 2023 12:12:11.590 [21816:22304:0803/121211.590:ERROR:interface_endpoint_client.cc(702)] Message 1 rejected by interface blink.mojom.WidgetHost
8월 03, 2023 12:12:11.590 [21816:22304:0803/121211.590:ERROR:interface_endpoint_client.cc(702)] Message 1 rejected by interface blink.mojom.WidgetHost

8월 07, 2023 09:23:57.192 NEW SESSION
8월 07, 2023 09:23:57.193 [13280:15840:0807/092357.191:ERROR:feature_processor_state.cc(39)] Processing error occured: model WebAppInstallationPromo failed with UkmEngineDisabled, message: 
8월 07, 2023 10:59:59.993 [13280:15840:0807/105959.993:ERROR:interface_endpoint_client.cc(702)] Message 1 rejected by interface blink.mojom.WidgetHost

8월 10, 2023 09:35:55.653 NEW SESSION
8월 10, 2023 09:35:55.653 [19288:23000:0810/093555.652:ERROR:feature_processor_state.cc(39)] Processing error occured: model WebAppInstallationPromo failed with UkmEngineDisabled, message: 
8월 10, 2023 10:17:34.375 [19288:23000:0810/101734.375:ERROR:interface_endpoint_client.cc(702)] Message 1 rejected by interface blink.mojom.WidgetHost
8월 10, 2023 10:37:27.425 [19288:23000:0810/103727.425:ERROR:interface_endpoint_client.cc(702)] Message 5 rejected by interface blink.mojom.WidgetHost

8월 16, 2023 10:24:39.03 NEW SESSION
8월 16, 2023 10:24:39.03 [8096:24536:0816/102439.001:ERROR:CONSOLE(1)] "Request Runtime.evaluate failed. {"code":-32602,"message":"uniqueContextId not found"}", source: devtools://devtools/bundled/devtools-frontend/front_end/core/protocol_client/protocol_client.js (1)
8월 16, 2023 10:24:39.04 [8096:24536:0816/102439.003:ERROR:CONSOLE(1)] "uniqueContextId not found", source: devtools://devtools/bundled/devtools-frontend/front_end/core/sdk/sdk.js (1)
8월 16, 2023 10:24:39.04 [8096:24536:0816/102439.004:ERROR:CONSOLE(1)] "Extension server error: Inspector protocol error: uniqueContextId not found", source: devtools://devtools/bundled/devtools-frontend/front_end/models/extensions/extensions.js (1)
8월 16, 2023 10:35:06.897 [8096:24536:0816/103506.896:ERROR:CONSOLE(1)] "Request Runtime.evaluate failed. {"code":-32602,"message":"uniqueContextId not found"}", source: devtools://devtools/bundled/devtools-frontend/front_end/core/protocol_client/protocol_client.js (1)
8월 16, 2023 10:35:06.899 [8096:24536:0816/103506.898:ERROR:CONSOLE(1)] "uniqueContextId not found", source: devtools://devtools/bundled/devtools-frontend/front_end/core/sdk/sdk.js (1)
8월 16, 2023 10:35:06.899 [8096:24536:0816/103506.899:ERROR:CONSOLE(1)] "Extension server error: Inspector protocol error: uniqueContextId not found", source: devtools://devtools/bundled/devtools-frontend/front_end/models/extensions/extensions.js (1)
8월 16, 2023 10:35:07.888 [8096:24536:0816/103507.888:ERROR:CONSOLE(1)] "Request Runtime.evaluate failed. {"code":-32602,"message":"uniqueContextId not found"}", source: devtools://devtools/bundled/devtools-frontend/front_end/core/protocol_client/protocol_client.js (1)
8월 16, 2023 10:35:07.888 [8096:24536:0816/103507.888:ERROR:CONSOLE(1)] "uniqueContextId not found", source: devtools://devtools/bundled/devtools-frontend/front_end/core/sdk/sdk.js (1)
8월 16, 2023 10:35:07.889 [8096:24536:0816/103507.888:ERROR:CONSOLE(1)] "Extension server error: Inspector protocol error: uniqueContextId not found", source: devtools://devtools/bundled/devtools-frontend/front_end/models/extensions/extensions.js (1)
8월 16, 2023 10:35:08.918 [8096:24536:0816/103508.918:ERROR:CONSOLE(1)] "Request Runtime.evaluate failed. {"code":-32602,"message":"uniqueContextId not found"}", source: devtools://devtools/bundled/devtools-frontend/front_end/core/protocol_client/protocol_client.js (1)
8월 16, 2023 10:35:08.919 [8096:24536:0816/103508.918:ERROR:CONSOLE(1)] "uniqueContextId not found", source: devtools://devtools/bundled/devtools-frontend/front_end/core/sdk/sdk.js (1)
8월 16, 2023 10:35:08.919 [8096:24536:0816/103508.918:ERROR:CONSOLE(1)] "Extension server error: Inspector protocol error: uniqueContextId not found", source: devtools://devtools/bundled/devtools-frontend/front_end/models/extensions/extensions.js (1)
8월 16, 2023 11:09:28.885 [8096:24536:0816/110928.885:ERROR:CONSOLE(6)] "console.assert", source: devtools://devtools/bundled/devtools-frontend/front_end/panels/console/console.js (6)
8월 16, 2023 11:09:28.886 [8096:24536:0816/110928.885:ERROR:CONSOLE(6)] "console.assert", source: devtools://devtools/bundled/devtools-frontend/front_end/panels/console/console.js (6)
8월 16, 2023 11:09:28.886 [8096:24536:0816/110928.885:ERROR:CONSOLE(6)] "console.assert", source: devtools://devtools/bundled/devtools-frontend/front_end/panels/console/console.js (6)
8월 16, 2023 11:09:28.886 [8096:24536:0816/110928.885:ERROR:CONSOLE(6)] "console.assert", source: devtools://devtools/bundled/devtools-frontend/front_end/panels/console/console.js (6)
8월 16, 2023 11:09:28.886 [8096:24536:0816/110928.885:ERROR:CONSOLE(6)] "console.assert", source: devtools://devtools/bundled/devtools-frontend/front_end/panels/console/console.js (6)
8월 16, 2023 11:09:28.886 [8096:24536:0816/110928.885:ERROR:CONSOLE(6)] "console.assert", source: devtools://devtools/bundled/devtools-frontend/front_end/panels/console/console.js (6)
8월 16, 2023 11:09:28.887 [8096:24536:0816/110928.885:ERROR:CONSOLE(6)] "console.assert", source: devtools://devtools/bundled/devtools-frontend/front_end/panels/console/console.js (6)
8월 16, 2023 11:09:28.887 [8096:24536:0816/110928.885:ERROR:CONSOLE(6)] "console.assert", source: devtools://devtools/bundled/devtools-frontend/front_end/panels/console/console.js (6)
8월 16, 2023 11:09:28.887 [8096:24536:0816/110928.885:ERROR:CONSOLE(6)] "console.assert", source: devtools://devtools/bundled/devtools-frontend/front_end/panels/console/console.js (6)
8월 16, 2023 11:09:28.887 [8096:24536:0816/110928.885:ERROR:CONSOLE(6)] "console.assert", source: devtools://devtools/bundled/devtools-frontend/front_end/panels/console/console.js (6)
8월 16, 2023 11:09:28.887 [8096:24536:0816/110928.885:ERROR:CONSOLE(6)] "console.assert", source: devtools://devtools/bundled/devtools-frontend/front_end/panels/console/console.js (6)
8월 16, 2023 11:09:28.888 [8096:24536:0816/110928.885:ERROR:CONSOLE(6)] "console.assert", source: devtools://devtools/bundled/devtools-frontend/front_end/panels/console/console.js (6)
8월 16, 2023 11:09:28.888 [8096:24536:0816/110928.885:ERROR:CONSOLE(6)] "console.assert", source: devtools://devtools/bundled/devtools-frontend/front_end/panels/console/console.js (6)
8월 16, 2023 11:09:28.888 [8096:24536:0816/110928.885:ERROR:CONSOLE(6)] "console.assert", source: devtools://devtools/bundled/devtools-frontend/front_end/panels/console/console.js (6)
8월 16, 2023 11:09:28.888 [8096:24536:0816/110928.885:ERROR:CONSOLE(6)] "console.assert", source: devtools://devtools/bundled/devtools-frontend/front_end/panels/console/console.js (6)
8월 16, 2023 11:34:25.101 [8096:24536:0816/113425.100:ERROR:CONSOLE(1)] "Request Runtime.evaluate failed. {"code":-32602,"message":"uniqueContextId not found"}", source: devtools://devtools/bundled/devtools-frontend/front_end/core/protocol_client/protocol_client.js (1)
8월 16, 2023 11:34:25.102 [8096:24536:0816/113425.100:ERROR:CONSOLE(1)] "uniqueContextId not found", source: devtools://devtools/bundled/devtools-frontend/front_end/core/sdk/sdk.js (1)
8월 16, 2023 11:34:25.102 [8096:24536:0816/113425.101:ERROR:CONSOLE(1)] "Extension server error: Inspector protocol error: uniqueContextId not found", source: devtools://devtools/bundled/devtools-frontend/front_end/models/extensions/extensions.js (1)
8월 16, 2023 11:35:34.888 [8096:24536:0816/113534.887:ERROR:CONSOLE(1)] "Request Runtime.evaluate failed. {"code":-32602,"message":"uniqueContextId not found"}", source: devtools://devtools/bundled/devtools-frontend/front_end/core/protocol_client/protocol_client.js (1)
8월 16, 2023 11:35:34.888 [8096:24536:0816/113534.887:ERROR:CONSOLE(1)] "uniqueContextId not found", source: devtools://devtools/bundled/devtools-frontend/front_end/core/sdk/sdk.js (1)
8월 16, 2023 11:35:34.888 [8096:24536:0816/113534.888:ERROR:CONSOLE(1)] "Extension server error: Inspector protocol error: uniqueContextId not found", source: devtools://devtools/bundled/devtools-frontend/front_end/models/extensions/extensions.js (1)
8월 16, 2023 11:35:49.884 [8096:24536:0816/113549.883:ERROR:CONSOLE(1)] "Extension server error: Operation failed: http://localhost:8090/ExModelJSP/Board/board_list.jsp has no execution context", source: devtools://devtools/bundled/devtools-frontend/front_end/models/extensions/extensions.js (1)
8월 16, 2023 12:13:13.368 [8096:24536:0816/121313.368:ERROR:CONSOLE(1)] "Extension server error: Operation failed: http://localhost:8090/ExModelJSP/Board/guest_list.jsp?page=1 has no execution context", source: devtools://devtools/bundled/devtools-frontend/front_end/models/extensions/extensions.js (1)
8월 16, 2023 12:13:15.965 [8096:24536:0816/121315.965:ERROR:CONSOLE(1)] "Extension server error: Operation failed: http://localhost:8090/ExModelJSP/Board/guest_list.jsp?page=1 has no execution context", source: devtools://devtools/bundled/devtools-frontend/front_end/models/extensions/extensions.js (1)
8월 16, 2023 12:13:16.896 [8096:24536:0816/121316.896:ERROR:CONSOLE(1)] "Request Runtime.evaluate failed. {"code":-32602,"message":"uniqueContextId not found"}", source: devtools://devtools/bundled/devtools-frontend/front_end/core/protocol_client/protocol_client.js (1)
8월 16, 2023 12:13:16.897 [8096:24536:0816/121316.896:ERROR:CONSOLE(1)] "uniqueContextId not found", source: devtools://devtools/bundled/devtools-frontend/front_end/core/sdk/sdk.js (1)
8월 16, 2023 12:13:16.897 [8096:24536:0816/121316.896:ERROR:CONSOLE(1)] "Extension server error: Inspector protocol error: uniqueContextId not found", source: devtools://devtools/bundled/devtools-frontend/front_end/models/extensions/extensions.js (1)
8월 16, 2023 12:22:53.106 [8096:24536:0816/122253.106:ERROR:CONSOLE(1)] "Request Runtime.evaluate failed. {"code":-32602,"message":"uniqueContextId not found"}", source: devtools://devtools/bundled/devtools-frontend/front_end/core/protocol_client/protocol_client.js (1)
8월 16, 2023 12:22:53.108 [8096:24536:0816/122253.108:ERROR:CONSOLE(1)] "uniqueContextId not found", source: devtools://devtools/bundled/devtools-frontend/front_end/core/sdk/sdk.js (1)
8월 16, 2023 12:22:53.108 [8096:24536:0816/122253.108:ERROR:CONSOLE(1)] "Extension server error: Inspector protocol error: uniqueContextId not found", source: devtools://devtools/bundled/devtools-frontend/front_end/models/extensions/extensions.js (1)
8월 16, 2023 12:22:54.901 [8096:24536:0816/122254.900:ERROR:CONSOLE(1)] "Request Runtime.evaluate failed. {"code":-32602,"message":"uniqueContextId not found"}", source: devtools://devtools/bundled/devtools-frontend/front_end/core/protocol_client/protocol_client.js (1)
8월 16, 2023 12:22:54.901 [8096:24536:0816/122254.901:ERROR:CONSOLE(1)] "uniqueContextId not found", source: devtools://devtools/bundled/devtools-frontend/front_end/core/sdk/sdk.js (1)
8월 16, 2023 12:22:54.901 [8096:24536:0816/122254.901:ERROR:CONSOLE(1)] "Extension server error: Inspector protocol error: uniqueContextId not found", source: devtools://devtools/bundled/devtools-frontend/front_end/models/extensions/extensions.js (1)
8월 16, 2023 12:36:13.539 [8096:24536:0816/123613.539:ERROR:interface_endpoint_client.cc(702)] Message 1 rejected by interface blink.mojom.WidgetHost

8월 18, 2023 09:32:41.184 NEW SESSION
8월 18, 2023 09:32:41.184 [20376:9100:0818/093241.182:ERROR:interface_endpoint_client.cc(702)] Message 1 rejected by interface blink.mojom.WidgetHost
8월 18, 2023 09:32:52.761 [20376:9100:0818/093252.761:ERROR:interface_endpoint_client.cc(702)] Message 0 rejected by interface blink.mojom.WidgetHost
8월 18, 2023 09:32:59.104 [20376:9100:0818/093259.104:ERROR:interface_endpoint_client.cc(702)] Message 0 rejected by interface blink.mojom.WidgetHost
8월 18, 2023 09:40:45.344 [20376:9100:0818/094045.344:ERROR:interface_endpoint_client.cc(702)] Message 0 rejected by interface blink.mojom.WidgetHost
8월 18, 2023 09:41:00.849 [20376:9100:0818/094100.849:ERROR:interface_endpoint_client.cc(702)] Message 0 rejected by interface blink.mojom.WidgetHost
8월 18, 2023 09:42:35.52 [20376:9100:0818/094235.052:ERROR:interface_endpoint_client.cc(702)] Message 0 rejected by interface blink.mojom.WidgetHost
8월 18, 2023 09:48:17.427 [20376:9100:0818/094817.427:ERROR:interface_endpoint_client.cc(702)] Message 1 rejected by interface blink.mojom.WidgetHost
8월 18, 2023 09:48:26.189 [20376:9100:0818/094826.189:ERROR:interface_endpoint_client.cc(702)] Message 0 rejected by interface blink.mojom.WidgetHost
8월 18, 2023 09:50:31.909 [20376:9100:0818/095031.908:ERROR:interface_endpoint_client.cc(702)] Message 0 rejected by interface blink.mojom.WidgetHost
8월 18, 2023 09:51:05.458 [20376:9100:0818/095105.458:ERROR:interface_endpoint_client.cc(702)] Message 0 rejected by interface blink.mojom.WidgetHost
8월 18, 2023 10:05:38.302 [20376:9100:0818/100538.302:ERROR:interface_endpoint_client.cc(702)] Message 1 rejected by interface blink.mojom.WidgetHost
8월 18, 2023 10:05:41.454 [20376:9100:0818/100541.454:ERROR:interface_endpoint_client.cc(702)] Message 0 rejected by interface blink.mojom.WidgetHost
8월 18, 2023 10:05:49.277 [20376:9100:0818/100549.276:ERROR:interface_endpoint_client.cc(702)] Message 0 rejected by interface blink.mojom.WidgetHost
8월 18, 2023 10:21:30.353 [20376:9100:0818/102130.353:ERROR:interface_endpoint_client.cc(702)] Message 1 rejected by interface blink.mojom.WidgetHost
8월 18, 2023 10:24:48.220 [20376:9100:0818/102448.220:ERROR:interface_endpoint_client.cc(702)] Message 1 rejected by interface blink.mojom.WidgetHost
8월 18, 2023 10:34:08.430 [20376:9100:0818/103408.430:ERROR:interface_endpoint_client.cc(702)] Message 0 rejected by interface blink.mojom.WidgetHost
8월 18, 2023 10:37:27.882 [20376:9100:0818/103727.882:ERROR:interface_endpoint_client.cc(702)] Message 1 rejected by interface blink.mojom.WidgetHost
8월 18, 2023 10:59:49.19 [20376:9100:0818/105949.019:ERROR:interface_endpoint_client.cc(702)] Message 1 rejected by interface blink.mojom.WidgetHost
8월 18, 2023 10:59:53.688 [20376:9100:0818/105953.688:ERROR:interface_endpoint_client.cc(702)] Message 0 rejected by interface blink.mojom.WidgetHost
8월 18, 2023 11:00:05.70 [20376:9100:0818/110005.070:ERROR:interface_endpoint_client.cc(702)] Message 0 rejected by interface blink.mojom.WidgetHost
8월 18, 2023 11:04:52.746 [20376:9100:0818/110452.746:ERROR:interface_endpoint_client.cc(702)] Message 1 rejected by interface blink.mojom.WidgetHost
8월 18, 2023 11:05:00.300 [20376:9100:0818/110500.299:ERROR:interface_endpoint_client.cc(702)] Message 0 rejected by interface blink.mojom.WidgetHost
8월 18, 2023 11:05:08.967 [20376:9100:0818/110508.967:ERROR:interface_endpoint_client.cc(702)] Message 0 rejected by interface blink.mojom.WidgetHost
8월 18, 2023 11:11:19.963 [20376:9100:0818/111119.963:ERROR:interface_endpoint_client.cc(702)] Message 1 rejected by interface blink.mojom.WidgetHost
8월 18, 2023 11:11:29.765 [20376:9100:0818/111129.764:ERROR:interface_endpoint_client.cc(702)] Message 0 rejected by interface blink.mojom.WidgetHost
8월 18, 2023 11:19:54.558 [20376:9100:0818/111954.557:ERROR:interface_endpoint_client.cc(702)] Message 0 rejected by interface blink.mojom.WidgetHost
8월 18, 2023 11:20:18.597 [20376:9100:0818/112018.597:ERROR:interface_endpoint_client.cc(702)] Message 0 rejected by interface blink.mojom.WidgetHost
8월 18, 2023 11:20:42.517 [20376:9100:0818/112042.517:ERROR:interface_endpoint_client.cc(702)] Message 1 rejected by interface blink.mojom.WidgetHost
8월 18, 2023 12:11:13.171 [20376:9100:0818/121113.170:ERROR:interface_endpoint_client.cc(702)] Message 1 rejected by interface blink.mojom.WidgetHost
8월 18, 2023 12:11:19.144 [20376:9100:0818/121119.144:ERROR:interface_endpoint_client.cc(702)] Message 1 rejected by interface blink.mojom.WidgetHost

8월 29, 2023 10:08:07.698 NEW SESSION
8월 29, 2023 10:08:07.699 [2724:13024:0829/100807.697:ERROR:cert_verify_proc_builtin.cc(701)] CertVerifyProcBuiltin for beacons.gcp.gvt2.com failed:
8월 29, 2023 10:08:07.699 ----- Certificate i=0 (CN=*.gcp.gvt2.com) -----
8월 29, 2023 10:08:07.699 ERROR: Time is after notAfter
8월 29, 2023 10:08:07.699 
8월 29, 2023 10:08:07.699 
8월 29, 2023 11:05:18.714 [25344:672:0829/110518.714:ERROR:cert_verify_proc_builtin.cc(701)] CertVerifyProcBuiltin for beacons.gcp.gvt2.com failed:
8월 29, 2023 11:05:18.715 ----- Certificate i=0 (CN=*.gcp.gvt2.com) -----
8월 29, 2023 11:05:18.715 ERROR: Time is after notAfter
8월 29, 2023 11:05:18.715 
8월 29, 2023 11:05:18.715 
8월 29, 2023 11:09:31.953 [25344:17832:0829/110931.953:ERROR:interface_endpoint_client.cc(702)] Message 1 rejected by interface blink.mojom.WidgetHost
8월 29, 2023 11:46:41.818 [25344:17832:0829/114641.818:ERROR:interface_endpoint_client.cc(702)] Message 1 rejected by interface blink.mojom.WidgetHost
8월 29, 2023 11:46:46.729 [25344:17832:0829/114646.729:ERROR:interface_endpoint_client.cc(702)] Message 1 rejected by interface blink.mojom.WidgetHost
8월 29, 2023 11:46:51.171 [25344:17832:0829/114651.171:ERROR:interface_endpoint_client.cc(702)] Message 1 rejected by interface blink.mojom.WidgetHost
8월 29, 2023 11:46:53.878 [25344:17832:0829/114653.878:ERROR:interface_endpoint_client.cc(702)] Message 0 rejected by interface blink.mojom.WidgetHost
8월 29, 2023 11:47:26.567 [25344:17832:0829/114726.567:ERROR:interface_endpoint_client.cc(702)] Message 0 rejected by interface blink.mojom.WidgetHost
8월 29, 2023 11:57:16.506 [25344:17832:0829/115716.506:ERROR:interface_endpoint_client.cc(702)] Message 1 rejected by interface blink.mojom.WidgetHost
8월 29, 2023 11:58:22.807 [25344:672:0829/115822.806:ERROR:cert_verify_proc_builtin.cc(701)] CertVerifyProcBuiltin for beacons.gcp.gvt2.com failed:
8월 29, 2023 11:58:22.807 ----- Certificate i=0 (CN=*.gcp.gvt2.com) -----
8월 29, 2023 11:58:22.807 ERROR: Time is after notAfter
8월 29, 2023 11:58:22.807 
8월 29, 2023 11:58:22.807 
8월 29, 2023 11:58:23.779 [25344:672:0829/115823.779:ERROR:cert_verify_proc_builtin.cc(701)] CertVerifyProcBuiltin for e2c23.gcp.gvt2.com failed:
8월 29, 2023 11:58:23.779 ----- Certificate i=0 (CN=*.gcp.gvt2.com) -----
8월 29, 2023 11:58:23.779 ERROR: Time is after notAfter
8월 29, 2023 11:58:23.780 
8월 29, 2023 11:58:23.780 
8월 29, 2023 11:58:23.986 [25344:672:0829/115823.986:ERROR:cert_verify_proc_builtin.cc(701)] CertVerifyProcBuiltin for e2c41.gcp.gvt2.com failed:
8월 29, 2023 11:58:23.987 ----- Certificate i=0 (CN=*.gcp.gvt2.com) -----
8월 29, 2023 11:58:23.987 ERROR: Time is after notAfter
8월 29, 2023 11:58:23.987 
8월 29, 2023 11:58:23.987 

8월 30, 2023 10:17:00.967 NEW SESSION
8월 30, 2023 10:17:00.967 [11184:9620:0830/101700.965:ERROR:interface_endpoint_client.cc(702)] Message 1 rejected by interface blink.mojom.WidgetHost
8월 30, 2023 11:24:31.785 [11184:13024:0830/112431.785:ERROR:mcs_client.cc(750)] Received close command, resetting connection.
8월 30, 2023 11:29:15.751 [11184:9620:0830/112915.751:ERROR:interface_endpoint_client.cc(702)] Message 1 rejected by interface blink.mojom.WidgetHost
8월 30, 2023 11:29:25.489 [11184:9620:0830/112925.489:ERROR:interface_endpoint_client.cc(702)] Message 0 rejected by interface blink.mojom.WidgetHost
8월 30, 2023 11:30:18.415 [11184:20244:0830/113018.414:ERROR:cert_verify_proc_builtin.cc(701)] CertVerifyProcBuiltin for e2c8.gcp.gvt2.com failed:
8월 30, 2023 11:30:18.415 ----- Certificate i=0 (CN=*.gcp.gvt2.com) -----
8월 30, 2023 11:30:18.415 ERROR: Time is after notAfter
8월 30, 2023 11:30:18.415 
8월 30, 2023 11:30:18.415 
8월 30, 2023 11:34:34.738 [11184:9620:0830/113434.737:ERROR:interface_endpoint_client.cc(702)] Message 0 rejected by interface blink.mojom.WidgetHost

9월 08, 2023 09:34:50.82 NEW SESSION
9월 08, 2023 09:34:50.82 INFO: Created TensorFlow Lite XNNPACK delegate for CPU.
9월 08, 2023 09:40:43.218 [22556:2756:0908/094043.217:ERROR:CONSOLE(1)] "Request Runtime.evaluate failed. {"code":-32602,"message":"uniqueContextId not found"}", source: devtools://devtools/bundled/devtools-frontend/front_end/core/protocol_client/protocol_client.js (1)
9월 08, 2023 09:40:43.219 [22556:2756:0908/094043.219:ERROR:CONSOLE(1)] "uniqueContextId not found", source: devtools://devtools/bundled/devtools-frontend/front_end/core/sdk/sdk.js (1)
9월 08, 2023 09:40:43.219 [22556:2756:0908/094043.219:ERROR:CONSOLE(1)] "Extension server error: Inspector protocol error: uniqueContextId not found", source: devtools://devtools/bundled/devtools-frontend/front_end/models/extensions/extensions.js (1)
9월 08, 2023 09:44:49.270 [22556:2756:0908/094449.269:ERROR:CONSOLE(1)] "Request Runtime.evaluate failed. {"code":-32602,"message":"uniqueContextId not found"}", source: devtools://devtools/bundled/devtools-frontend/front_end/core/protocol_client/protocol_client.js (1)
9월 08, 2023 09:44:49.270 [22556:2756:0908/094449.269:ERROR:CONSOLE(1)] "uniqueContextId not found", source: devtools://devtools/bundled/devtools-frontend/front_end/core/sdk/sdk.js (1)
9월 08, 2023 09:44:49.270 [22556:2756:0908/094449.270:ERROR:CONSOLE(1)] "Extension server error: Inspector protocol error: uniqueContextId not found", source: devtools://devtools/bundled/devtools-frontend/front_end/models/extensions/extensions.js (1)
9월 08, 2023 09:44:49.818 [22556:2756:0908/094449.818:ERROR:CONSOLE(1)] "Extension server error: Operation failed: http://localhost:8090/BoardReply/board_modify.do?page=&idx=2 has no execution context", source: devtools://devtools/bundled/devtools-frontend/front_end/models/extensions/extensions.js (1)
9월 08, 2023 09:45:05.649 [22556:2756:0908/094505.649:ERROR:CONSOLE(1)] "Extension server error: Operation failed: http://localhost:8090/BoardReply/board_modify.do?page=&idx=2 has no execution context", source: devtools://devtools/bundled/devtools-frontend/front_end/models/extensions/extensions.js (1)
9월 08, 2023 09:45:46.885 [22556:2756:0908/094546.884:ERROR:CONSOLE(1)] "Extension server error: Operation failed: http://localhost:8090/BoardReply/board_modify.do?idx=2 has no execution context", source: devtools://devtools/bundled/devtools-frontend/front_end/models/extensions/extensions.js (1)
9월 08, 2023 09:46:06.118 [22556:2756:0908/094606.118:ERROR:CONSOLE(1)] "Extension server error: Operation failed: http://localhost:8090/BoardReply/board_modify.do?idx=2 has no execution context", source: devtools://devtools/bundled/devtools-frontend/front_end/models/extensions/extensions.js (1)
9월 08, 2023 09:46:09.175 [22556:2756:0908/094609.175:ERROR:CONSOLE(1)] "Request Runtime.evaluate failed. {"code":-32602,"message":"uniqueContextId not found"}", source: devtools://devtools/bundled/devtools-frontend/front_end/core/protocol_client/protocol_client.js (1)
9월 08, 2023 09:46:09.175 [22556:2756:0908/094609.175:ERROR:CONSOLE(1)] "uniqueContextId not found", source: devtools://devtools/bundled/devtools-frontend/front_end/core/sdk/sdk.js (1)
9월 08, 2023 09:46:09.176 [22556:2756:0908/094609.175:ERROR:CONSOLE(1)] "Extension server error: Inspector protocol error: uniqueContextId not found", source: devtools://devtools/bundled/devtools-frontend/front_end/models/extensions/extensions.js (1)
9월 08, 2023 09:46:10.240 [22556:2756:0908/094610.240:ERROR:CONSOLE(1)] "Cannot find context with specified id", source: devtools://devtools/bundled/devtools-frontend/front_end/core/sdk/sdk.js (1)
9월 08, 2023 09:46:10.241 [22556:2756:0908/094610.240:ERROR:CONSOLE(1)] "Extension server error: Inspector protocol error: Cannot find context with specified id", source: devtools://devtools/bundled/devtools-frontend/front_end/models/extensions/extensions.js (1)
9월 08, 2023 09:47:39.235 [22556:2756:0908/094739.234:ERROR:CONSOLE(1)] "Request Runtime.evaluate failed. {"code":-32602,"message":"uniqueContextId not found"}", source: devtools://devtools/bundled/devtools-frontend/front_end/core/protocol_client/protocol_client.js (1)
9월 08, 2023 09:47:39.236 [22556:2756:0908/094739.236:ERROR:CONSOLE(1)] "uniqueContextId not found", source: devtools://devtools/bundled/devtools-frontend/front_end/core/sdk/sdk.js (1)
9월 08, 2023 09:47:39.236 [22556:2756:0908/094739.236:ERROR:CONSOLE(1)] "Extension server error: Inspector protocol error: uniqueContextId not found", source: devtools://devtools/bundled/devtools-frontend/front_end/models/extensions/extensions.js (1)
9월 08, 2023 09:49:13.318 [22556:2756:0908/094913.318:ERROR:CONSOLE(1)] "Extension server error: Operation failed: http://localhost:8090/BoardReply/boardreply_list.do?page= has no execution context", source: devtools://devtools/bundled/devtools-frontend/front_end/models/extensions/extensions.js (1)
9월 08, 2023 09:58:33.351 [22556:2756:0908/095833.351:ERROR:CONSOLE(1)] "Cannot find context with specified id", source: devtools://devtools/bundled/devtools-frontend/front_end/core/sdk/sdk.js (1)
9월 08, 2023 09:58:33.351 [22556:2756:0908/095833.351:ERROR:CONSOLE(1)] "Extension server error: Inspector protocol error: Cannot find context with specified id", source: devtools://devtools/bundled/devtools-frontend/front_end/models/extensions/extensions.js (1)
9월 08, 2023 10:05:52.665 [22556:2756:0908/100552.665:ERROR:interface_endpoint_client.cc(702)] Message 1 rejected by interface blink.mojom.WidgetHost
9월 08, 2023 10:24:38.866 [22556:2756:0908/102438.865:ERROR:CONSOLE(1)] "Ignoring unauthorized client request from null", source: devtools://devtools/bundled/devtools-frontend/front_end/models/extensions/extensions.js (1)
9월 08, 2023 10:24:38.875 [22556:2756:0908/102438.875:ERROR:CONSOLE(1)] "Ignoring unauthorized client request from null", source: devtools://devtools/bundled/devtools-frontend/front_end/models/extensions/extensions.js (1)
